INFO  [2017-07-23 07:35:12,001] org.eclipse.jetty.util.log: Logging initialized @2166ms
INFO  [2017-07-23 07:35:12,098] io.dropwizard.server.DefaultServerFactory: Registering jersey handler with root path prefix: /
INFO  [2017-07-23 07:35:12,098] io.dropwizard.server.DefaultServerFactory: Registering admin handler with root path prefix: /
INFO  [2017-07-23 07:35:12,098] io.dropwizard.assets.AssetsBundle: Registering AssetBundle with name: assets for path /ineuron/*
INFO  [2017-07-23 07:35:12,130] com.hubspot.dropwizard.guice.AutoConfig: Added resource class: class com.ineuron.resources.MaterialResource
INFO  [2017-07-23 07:35:12,130] com.hubspot.dropwizard.guice.AutoConfig: Added resource class: class com.ineuron.resources.UserResource
INFO  [2017-07-23 07:35:12,130] com.hubspot.dropwizard.guice.AutoConfig: Added resource class: class com.ineuron.resources.ProductResource
INFO  [2017-07-23 07:35:12,130] com.hubspot.dropwizard.guice.AutoConfig: Added resource class: class com.ineuron.resources.FileResource
INFO  [2017-07-23 07:35:12,145] com.hubspot.dropwizard.guice.AutoConfig: Added resource class: class com.ineuron.resources.DeviceResource
ERROR [2017-07-23 07:35:12,654] com.ineuron.INeuronApplication: Failed to initiallize the RolesCache
! com.ineuron.common.exception.RepositoryException: failed to execute select sql: getRoles!
! at com.ineuron.dataaccess.db.INeuronRepository.select(INeuronRepository.java:87)
! at com.ineuron.domain.user.valueobject.RolesCache.init(RolesCache.java:26)
! at com.ineuron.INeuronApplication.run(INeuronApplication.java:54)
! at com.ineuron.INeuronApplication.run(INeuronApplication.java:21)
! at io.dropwizard.cli.EnvironmentCommand.run(EnvironmentCommand.java:43)
! at io.dropwizard.cli.ConfiguredCommand.run(ConfiguredCommand.java:85)
! at io.dropwizard.cli.Cli.run(Cli.java:75)
! at io.dropwizard.Application.run(Application.java:79)
! at com.ineuron.INeuronApplication.main(INeuronApplication.java:27)
INFO  [2017-07-23 07:35:12,654] io.dropwizard.server.DefaultServerFactory: Registering jersey handler with root path prefix: /
INFO  [2017-07-23 07:35:12,654] io.dropwizard.server.DefaultServerFactory: Registering admin handler with root path prefix: /
INFO  [2017-07-23 07:35:12,654] io.dropwizard.server.ServerFactory: Starting I-Neuron
INFO  [2017-07-23 07:35:12,842] org.eclipse.jetty.setuid.SetUIDListener: Opened application@1abc9f14{HTTP/1.1,[http/1.1]}{0.0.0.0:8080}
INFO  [2017-07-23 07:35:12,842] org.eclipse.jetty.setuid.SetUIDListener: Opened admin@7144655b{HTTP/1.1,[http/1.1]}{0.0.0.0:8081}
INFO  [2017-07-23 07:35:12,842] org.eclipse.jetty.server.Server: jetty-9.3.z-SNAPSHOT
INFO  [2017-07-23 07:35:14,112] io.dropwizard.jersey.DropwizardResourceConfig: The following paths were found for the configured resources:

    POST    /device/createdevice (com.ineuron.resources.DeviceResource)
    POST    /device/createdeviceattribute (com.ineuron.resources.DeviceResource)
    POST    /device/deletedevice (com.ineuron.resources.DeviceResource)
    POST    /device/deletedeviceattribute (com.ineuron.resources.DeviceResource)
    GET     /device/deviceattributelist (com.ineuron.resources.DeviceResource)
    POST    /device/deviceattributesbycategoryid (com.ineuron.resources.DeviceResource)
    GET     /device/devicebyid (com.ineuron.resources.DeviceResource)
    GET     /device/devicelist (com.ineuron.resources.DeviceResource)
    POST    /device/getdeviceattributebyname (com.ineuron.resources.DeviceResource)
    POST    /device/getdevicebyname (com.ineuron.resources.DeviceResource)
    POST    /device/updatedevice (com.ineuron.resources.DeviceResource)
    POST    /device/updatedeviceattribute (com.ineuron.resources.DeviceResource)
    GET     /file/download (com.ineuron.resources.FileResource)
    POST    /file/upload (com.ineuron.resources.FileResource)
    POST    /material/create (com.ineuron.resources.MaterialResource)
    POST    /material/delete (com.ineuron.resources.MaterialResource)
    GET     /material/list (com.ineuron.resources.MaterialResource)
    GET     /material/materialbyname (com.ineuron.resources.MaterialResource)
    POST    /material/update (com.ineuron.resources.MaterialResource)
    GET     /product/attributecategorylist (com.ineuron.resources.ProductResource)
    GET     /product/attributelist (com.ineuron.resources.ProductResource)
    POST    /product/attributesbycategoryid (com.ineuron.resources.ProductResource)
    POST    /product/createattribute (com.ineuron.resources.ProductResource)
    POST    /product/createformula (com.ineuron.resources.ProductResource)
    POST    /product/createproduct (com.ineuron.resources.ProductResource)
    POST    /product/createproductcategory (com.ineuron.resources.ProductResource)
    POST    /product/createproductpackagetype (com.ineuron.resources.ProductResource)
    POST    /product/deleteattribute (com.ineuron.resources.ProductResource)
    POST    /product/deleteformula (com.ineuron.resources.ProductResource)
    POST    /product/deleteproduct (com.ineuron.resources.ProductResource)
    POST    /product/deleteproductcategory (com.ineuron.resources.ProductResource)
    GET     /product/formulabyid (com.ineuron.resources.ProductResource)
    GET     /product/formulas (com.ineuron.resources.ProductResource)
    POST    /product/getattributebyname (com.ineuron.resources.ProductResource)
    POST    /product/getproductbyname (com.ineuron.resources.ProductResource)
    POST    /product/getproductcategorybycode (com.ineuron.resources.ProductResource)
    POST    /product/getproductcategorybyid (com.ineuron.resources.ProductResource)
    POST    /product/getproductcategorybyname (com.ineuron.resources.ProductResource)
    GET     /product/labelproductpackagetype (com.ineuron.resources.ProductResource)
    GET     /product/productbyid (com.ineuron.resources.ProductResource)
    GET     /product/productcategorylist (com.ineuron.resources.ProductResource)
    GET     /product/productlist (com.ineuron.resources.ProductResource)
    POST    /product/productlistbycategory (com.ineuron.resources.ProductResource)
    GET     /product/productpackagetypelist (com.ineuron.resources.ProductResource)
    POST    /product/saveprocesses (com.ineuron.resources.ProductResource)
    POST    /product/updateattribute (com.ineuron.resources.ProductResource)
    POST    /product/updateformula (com.ineuron.resources.ProductResource)
    POST    /product/updateproduct (com.ineuron.resources.ProductResource)
    POST    /product/updateproductcategory (com.ineuron.resources.ProductResource)
    POST    /product/updateproductpackagetype (com.ineuron.resources.ProductResource)
    POST    /product/updateproductprice (com.ineuron.resources.ProductResource)
    POST    /user/authenticate (com.ineuron.resources.UserResource)
    POST    /user/createrole (com.ineuron.resources.UserResource)
    POST    /user/delete (com.ineuron.resources.UserResource)
    POST    /user/deleterole (com.ineuron.resources.UserResource)
    GET     /user/list (com.ineuron.resources.UserResource)
    POST    /user/register (com.ineuron.resources.UserResource)
    GET     /user/rolelist (com.ineuron.resources.UserResource)
    POST    /user/update (com.ineuron.resources.UserResource)
    POST    /user/updaterole (com.ineuron.resources.UserResource)
    GET     /user/user (com.ineuron.resources.UserResource)
    GET     /user/validateloginstatus (com.ineuron.resources.UserResource)

INFO  [2017-07-23 07:35:14,124] org.eclipse.jetty.server.handler.ContextHandler: Started i.d.j.MutableServletContextHandler@2228db21{/,null,AVAILABLE}
INFO  [2017-07-23 07:35:14,132] io.dropwizard.setup.AdminEnvironment: tasks = 

    POST    /tasks/log-level (io.dropwizard.servlets.tasks.LogConfigurationTask)
    POST    /tasks/gc (io.dropwizard.servlets.tasks.GarbageCollectionTask)

WARN  [2017-07-23 07:35:14,132] io.dropwizard.setup.AdminEnvironment: 
!!!!!!!!!!!!!!!!!!!!!!!!!!!!!!!!!!!!!!!!!!!!!!!!!!!!!!!!!!!!!!!!!!!!!!!!!!!!!!!!
!!!!!!!!!!!!!!!!!!!!!!!!!!!!!!!!!!!!!!!!!!!!!!!!!!!!!!!!!!!!!!!!!!!!!!!!!!!!!!!!
!    THIS APPLICATION HAS NO HEALTHCHECKS. THIS MEANS YOU WILL NEVER KNOW      !
!     IF IT DIES IN PRODUCTION, WHICH MEANS YOU WILL NEVER KNOW IF YOU'RE      !
!    LETTING YOUR USERS DOWN. YOU SHOULD ADD A HEALTHCHECK FOR EACH OF YOUR    !
!         APPLICATION'S DEPENDENCIES WHICH FULLY (BUT LIGHTLY) TESTS IT.       !
!!!!!!!!!!!!!!!!!!!!!!!!!!!!!!!!!!!!!!!!!!!!!!!!!!!!!!!!!!!!!!!!!!!!!!!!!!!!!!!!
!!!!!!!!!!!!!!!!!!!!!!!!!!!!!!!!!!!!!!!!!!!!!!!!!!!!!!!!!!!!!!!!!!!!!!!!!!!!!!!!
INFO  [2017-07-23 07:35:14,144] org.eclipse.jetty.server.handler.ContextHandler: Started i.d.j.MutableServletContextHandler@7fae4d4a{/,null,AVAILABLE}
INFO  [2017-07-23 07:35:14,188] org.eclipse.jetty.server.AbstractConnector: Started application@1abc9f14{HTTP/1.1,[http/1.1]}{0.0.0.0:8080}
INFO  [2017-07-23 07:35:14,204] org.eclipse.jetty.server.AbstractConnector: Started admin@7144655b{HTTP/1.1,[http/1.1]}{0.0.0.0:8081}
INFO  [2017-07-23 07:35:14,204] org.eclipse.jetty.server.Server: Started @4368ms
INFO  [2017-07-23 07:36:42,958] org.eclipse.jetty.server.AbstractConnector: Stopped application@1abc9f14{HTTP/1.1,[http/1.1]}{0.0.0.0:8080}
INFO  [2017-07-23 07:36:42,973] org.eclipse.jetty.server.AbstractConnector: Stopped admin@7144655b{HTTP/1.1,[http/1.1]}{0.0.0.0:8081}
INFO  [2017-07-23 07:36:42,973] org.eclipse.jetty.server.handler.ContextHandler: Stopped i.d.j.MutableServletContextHandler@7fae4d4a{/,null,UNAVAILABLE}
INFO  [2017-07-23 07:36:42,973] org.eclipse.jetty.server.handler.ContextHandler: Stopped i.d.j.MutableServletContextHandler@2228db21{/,null,UNAVAILABLE}
INFO  [2017-07-23 07:36:50,216] org.eclipse.jetty.util.log: Logging initialized @2187ms
INFO  [2017-07-23 07:36:50,325] io.dropwizard.server.DefaultServerFactory: Registering jersey handler with root path prefix: /
INFO  [2017-07-23 07:36:50,325] io.dropwizard.server.DefaultServerFactory: Registering admin handler with root path prefix: /
INFO  [2017-07-23 07:36:50,325] io.dropwizard.assets.AssetsBundle: Registering AssetBundle with name: assets for path /ineuron/*
INFO  [2017-07-23 07:36:50,356] com.hubspot.dropwizard.guice.AutoConfig: Added resource class: class com.ineuron.resources.MaterialResource
INFO  [2017-07-23 07:36:50,356] com.hubspot.dropwizard.guice.AutoConfig: Added resource class: class com.ineuron.resources.UserResource
INFO  [2017-07-23 07:36:50,372] com.hubspot.dropwizard.guice.AutoConfig: Added resource class: class com.ineuron.resources.ProductResource
INFO  [2017-07-23 07:36:50,372] com.hubspot.dropwizard.guice.AutoConfig: Added resource class: class com.ineuron.resources.FileResource
INFO  [2017-07-23 07:36:50,372] com.hubspot.dropwizard.guice.AutoConfig: Added resource class: class com.ineuron.resources.DeviceResource
ERROR [2017-07-23 07:36:50,751] com.ineuron.INeuronApplication: Failed to initiallize the RolesCache
! com.ineuron.common.exception.RepositoryException: failed to execute select sql: getRoles!
! at com.ineuron.dataaccess.db.INeuronRepository.select(INeuronRepository.java:87)
! at com.ineuron.domain.user.valueobject.RolesCache.init(RolesCache.java:26)
! at com.ineuron.INeuronApplication.run(INeuronApplication.java:54)
! at com.ineuron.INeuronApplication.run(INeuronApplication.java:21)
! at io.dropwizard.cli.EnvironmentCommand.run(EnvironmentCommand.java:43)
! at io.dropwizard.cli.ConfiguredCommand.run(ConfiguredCommand.java:85)
! at io.dropwizard.cli.Cli.run(Cli.java:75)
! at io.dropwizard.Application.run(Application.java:79)
! at com.ineuron.INeuronApplication.main(INeuronApplication.java:27)
INFO  [2017-07-23 07:36:50,751] io.dropwizard.server.DefaultServerFactory: Registering jersey handler with root path prefix: /
INFO  [2017-07-23 07:36:50,751] io.dropwizard.server.DefaultServerFactory: Registering admin handler with root path prefix: /
INFO  [2017-07-23 07:36:50,751] io.dropwizard.server.ServerFactory: Starting I-Neuron
INFO  [2017-07-23 07:36:50,892] org.eclipse.jetty.setuid.SetUIDListener: Opened application@1abc9f14{HTTP/1.1,[http/1.1]}{0.0.0.0:8080}
INFO  [2017-07-23 07:36:50,907] org.eclipse.jetty.setuid.SetUIDListener: Opened admin@7144655b{HTTP/1.1,[http/1.1]}{0.0.0.0:8081}
INFO  [2017-07-23 07:36:50,907] org.eclipse.jetty.server.Server: jetty-9.3.z-SNAPSHOT
INFO  [2017-07-23 07:36:52,071] io.dropwizard.jersey.DropwizardResourceConfig: The following paths were found for the configured resources:

    POST    /device/createdevice (com.ineuron.resources.DeviceResource)
    POST    /device/createdeviceattribute (com.ineuron.resources.DeviceResource)
    POST    /device/deletedevice (com.ineuron.resources.DeviceResource)
    POST    /device/deletedeviceattribute (com.ineuron.resources.DeviceResource)
    GET     /device/deviceattributelist (com.ineuron.resources.DeviceResource)
    POST    /device/deviceattributesbycategoryid (com.ineuron.resources.DeviceResource)
    GET     /device/devicebyid (com.ineuron.resources.DeviceResource)
    GET     /device/devicelist (com.ineuron.resources.DeviceResource)
    POST    /device/getdeviceattributebyname (com.ineuron.resources.DeviceResource)
    POST    /device/getdevicebyname (com.ineuron.resources.DeviceResource)
    POST    /device/updatedevice (com.ineuron.resources.DeviceResource)
    POST    /device/updatedeviceattribute (com.ineuron.resources.DeviceResource)
    GET     /file/download (com.ineuron.resources.FileResource)
    POST    /file/upload (com.ineuron.resources.FileResource)
    POST    /material/create (com.ineuron.resources.MaterialResource)
    POST    /material/delete (com.ineuron.resources.MaterialResource)
    GET     /material/list (com.ineuron.resources.MaterialResource)
    GET     /material/materialbyname (com.ineuron.resources.MaterialResource)
    POST    /material/update (com.ineuron.resources.MaterialResource)
    GET     /product/attributecategorylist (com.ineuron.resources.ProductResource)
    GET     /product/attributelist (com.ineuron.resources.ProductResource)
    POST    /product/attributesbycategoryid (com.ineuron.resources.ProductResource)
    POST    /product/createattribute (com.ineuron.resources.ProductResource)
    POST    /product/createformula (com.ineuron.resources.ProductResource)
    POST    /product/createproduct (com.ineuron.resources.ProductResource)
    POST    /product/createproductcategory (com.ineuron.resources.ProductResource)
    POST    /product/createproductpackagetype (com.ineuron.resources.ProductResource)
    POST    /product/deleteattribute (com.ineuron.resources.ProductResource)
    POST    /product/deleteformula (com.ineuron.resources.ProductResource)
    POST    /product/deleteproduct (com.ineuron.resources.ProductResource)
    POST    /product/deleteproductcategory (com.ineuron.resources.ProductResource)
    GET     /product/formulabyid (com.ineuron.resources.ProductResource)
    GET     /product/formulas (com.ineuron.resources.ProductResource)
    POST    /product/getattributebyname (com.ineuron.resources.ProductResource)
    POST    /product/getproductbyname (com.ineuron.resources.ProductResource)
    POST    /product/getproductcategorybycode (com.ineuron.resources.ProductResource)
    POST    /product/getproductcategorybyid (com.ineuron.resources.ProductResource)
    POST    /product/getproductcategorybyname (com.ineuron.resources.ProductResource)
    GET     /product/labelproductpackagetype (com.ineuron.resources.ProductResource)
    GET     /product/productbyid (com.ineuron.resources.ProductResource)
    GET     /product/productcategorylist (com.ineuron.resources.ProductResource)
    GET     /product/productlist (com.ineuron.resources.ProductResource)
    POST    /product/productlistbycategory (com.ineuron.resources.ProductResource)
    GET     /product/productpackagetypelist (com.ineuron.resources.ProductResource)
    POST    /product/saveprocesses (com.ineuron.resources.ProductResource)
    POST    /product/updateattribute (com.ineuron.resources.ProductResource)
    POST    /product/updateformula (com.ineuron.resources.ProductResource)
    POST    /product/updateproduct (com.ineuron.resources.ProductResource)
    POST    /product/updateproductcategory (com.ineuron.resources.ProductResource)
    POST    /product/updateproductpackagetype (com.ineuron.resources.ProductResource)
    POST    /product/updateproductprice (com.ineuron.resources.ProductResource)
    POST    /user/authenticate (com.ineuron.resources.UserResource)
    POST    /user/createrole (com.ineuron.resources.UserResource)
    POST    /user/delete (com.ineuron.resources.UserResource)
    POST    /user/deleterole (com.ineuron.resources.UserResource)
    GET     /user/list (com.ineuron.resources.UserResource)
    POST    /user/register (com.ineuron.resources.UserResource)
    GET     /user/rolelist (com.ineuron.resources.UserResource)
    POST    /user/update (com.ineuron.resources.UserResource)
    POST    /user/updaterole (com.ineuron.resources.UserResource)
    GET     /user/user (com.ineuron.resources.UserResource)
    GET     /user/validateloginstatus (com.ineuron.resources.UserResource)

INFO  [2017-07-23 07:36:52,102] org.eclipse.jetty.server.handler.ContextHandler: Started i.d.j.MutableServletContextHandler@2228db21{/,null,AVAILABLE}
INFO  [2017-07-23 07:36:52,102] io.dropwizard.setup.AdminEnvironment: tasks = 

    POST    /tasks/log-level (io.dropwizard.servlets.tasks.LogConfigurationTask)
    POST    /tasks/gc (io.dropwizard.servlets.tasks.GarbageCollectionTask)

WARN  [2017-07-23 07:36:52,102] io.dropwizard.setup.AdminEnvironment: 
!!!!!!!!!!!!!!!!!!!!!!!!!!!!!!!!!!!!!!!!!!!!!!!!!!!!!!!!!!!!!!!!!!!!!!!!!!!!!!!!
!!!!!!!!!!!!!!!!!!!!!!!!!!!!!!!!!!!!!!!!!!!!!!!!!!!!!!!!!!!!!!!!!!!!!!!!!!!!!!!!
!    THIS APPLICATION HAS NO HEALTHCHECKS. THIS MEANS YOU WILL NEVER KNOW      !
!     IF IT DIES IN PRODUCTION, WHICH MEANS YOU WILL NEVER KNOW IF YOU'RE      !
!    LETTING YOUR USERS DOWN. YOU SHOULD ADD A HEALTHCHECK FOR EACH OF YOUR    !
!         APPLICATION'S DEPENDENCIES WHICH FULLY (BUT LIGHTLY) TESTS IT.       !
!!!!!!!!!!!!!!!!!!!!!!!!!!!!!!!!!!!!!!!!!!!!!!!!!!!!!!!!!!!!!!!!!!!!!!!!!!!!!!!!
!!!!!!!!!!!!!!!!!!!!!!!!!!!!!!!!!!!!!!!!!!!!!!!!!!!!!!!!!!!!!!!!!!!!!!!!!!!!!!!!
INFO  [2017-07-23 07:36:52,117] org.eclipse.jetty.server.handler.ContextHandler: Started i.d.j.MutableServletContextHandler@7fae4d4a{/,null,AVAILABLE}
INFO  [2017-07-23 07:36:52,149] org.eclipse.jetty.server.AbstractConnector: Started application@1abc9f14{HTTP/1.1,[http/1.1]}{0.0.0.0:8080}
INFO  [2017-07-23 07:36:52,164] org.eclipse.jetty.server.AbstractConnector: Started admin@7144655b{HTTP/1.1,[http/1.1]}{0.0.0.0:8081}
INFO  [2017-07-23 07:36:52,164] org.eclipse.jetty.server.Server: Started @4140ms
ERROR [2017-07-23 07:39:02,206] com.ineuron.resources.UserResource: failed to excute select sql: getUserByUsername!
! java.io.IOException: Could not find resource com/ineuron/domain/order/repository/OrderMapper.xml
! at org.apache.ibatis.io.Resources.getResourceAsStream(Resources.java:114)
! at org.apache.ibatis.io.Resources.getResourceAsStream(Resources.java:100)
! at org.apache.ibatis.builder.xml.XMLConfigBuilder.mapperElement(XMLConfigBuilder.java:358)
! at org.apache.ibatis.builder.xml.XMLConfigBuilder.parseConfiguration(XMLConfigBuilder.java:115)
! ... 73 common frames omitted
! Causing: org.apache.ibatis.builder.BuilderException: Error parsing SQL Mapper Configuration. Cause: java.io.IOException: Could not find resource com/ineuron/domain/order/repository/OrderMapper.xml
! at org.apache.ibatis.builder.xml.XMLConfigBuilder.parseConfiguration(XMLConfigBuilder.java:117)
! at org.apache.ibatis.builder.xml.XMLConfigBuilder.parse(XMLConfigBuilder.java:95)
! at org.apache.ibatis.session.SqlSessionFactoryBuilder.build(SqlSessionFactoryBuilder.java:78)
! ... 71 common frames omitted
! Causing: org.apache.ibatis.exceptions.PersistenceException: 
! ### Error building SqlSession.
! ### The error may exist in com/ineuron/domain/order/repository/OrderMapper.xml
! ### Cause: org.apache.ibatis.builder.BuilderException: Error parsing SQL Mapper Configuration. Cause: java.io.IOException: Could not find resource com/ineuron/domain/order/repository/OrderMapper.xml
! at org.apache.ibatis.exceptions.ExceptionFactory.wrapException(ExceptionFactory.java:30)
! at org.apache.ibatis.session.SqlSessionFactoryBuilder.build(SqlSessionFactoryBuilder.java:80)
! at org.apache.ibatis.session.SqlSessionFactoryBuilder.build(SqlSessionFactoryBuilder.java:64)
! at com.ineuron.dataaccess.db.INeuronDBConnection.getSession(INeuronDBConnection.java:30)
! at com.ineuron.dataaccess.db.INeuronRepository.selectOne(INeuronRepository.java:101)
! at com.ineuron.domain.user.entity.User.doAuthenticate(User.java:54)
! at com.ineuron.domain.user.service.UserService.doAuthenticate(UserService.java:37)
! at com.ineuron.resources.UserResource.login(UserResource.java:73)
! at sun.reflect.NativeMethodAccessorImpl.invoke0(Native Method)
! at sun.reflect.NativeMethodAccessorImpl.invoke(Unknown Source)
! at sun.reflect.DelegatingMethodAccessorImpl.invoke(Unknown Source)
! at java.lang.reflect.Method.invoke(Unknown Source)
! at org.glassfish.jersey.server.model.internal.ResourceMethodInvocationHandlerFactory$1.invoke(ResourceMethodInvocationHandlerFactory.java:81)
! at org.glassfish.jersey.server.model.internal.AbstractJavaResourceMethodDispatcher$1.run(AbstractJavaResourceMethodDispatcher.java:144)
! at org.glassfish.jersey.server.model.internal.AbstractJavaResourceMethodDispatcher.invoke(AbstractJavaResourceMethodDispatcher.java:161)
! at org.glassfish.jersey.server.model.internal.JavaResourceMethodDispatcherProvider$ResponseOutInvoker.doDispatch(JavaResourceMethodDispatcherProvider.java:160)
! at org.glassfish.jersey.server.model.internal.AbstractJavaResourceMethodDispatcher.dispatch(AbstractJavaResourceMethodDispatcher.java:99)
! at org.glassfish.jersey.server.model.ResourceMethodInvoker.invoke(ResourceMethodInvoker.java:389)
! at org.glassfish.jersey.server.model.ResourceMethodInvoker.apply(ResourceMethodInvoker.java:347)
! at org.glassfish.jersey.server.model.ResourceMethodInvoker.apply(ResourceMethodInvoker.java:102)
! at org.glassfish.jersey.server.ServerRuntime$2.run(ServerRuntime.java:326)
! at org.glassfish.jersey.internal.Errors$1.call(Errors.java:271)
! at org.glassfish.jersey.internal.Errors$1.call(Errors.java:267)
! at org.glassfish.jersey.internal.Errors.process(Errors.java:315)
! at org.glassfish.jersey.internal.Errors.process(Errors.java:297)
! at org.glassfish.jersey.internal.Errors.process(Errors.java:267)
! at org.glassfish.jersey.process.internal.RequestScope.runInScope(RequestScope.java:317)
! at org.glassfish.jersey.server.ServerRuntime.process(ServerRuntime.java:305)
! at org.glassfish.jersey.server.ApplicationHandler.handle(ApplicationHandler.java:1154)
! at org.glassfish.jersey.servlet.WebComponent.serviceImpl(WebComponent.java:473)
! at org.glassfish.jersey.servlet.WebComponent.service(WebComponent.java:427)
! at org.glassfish.jersey.servlet.ServletContainer.service(ServletContainer.java:388)
! at org.glassfish.jersey.servlet.ServletContainer.service(ServletContainer.java:341)
! at org.glassfish.jersey.servlet.ServletContainer.service(ServletContainer.java:228)
! at io.dropwizard.jetty.NonblockingServletHolder.handle(NonblockingServletHolder.java:49)
! at org.eclipse.jetty.servlet.ServletHandler$CachedChain.doFilter(ServletHandler.java:1689)
! at io.dropwizard.servlets.ThreadNameFilter.doFilter(ThreadNameFilter.java:34)
! at org.eclipse.jetty.servlet.ServletHandler$CachedChain.doFilter(ServletHandler.java:1676)
! at io.dropwizard.jersey.filter.AllowedMethodsFilter.handle(AllowedMethodsFilter.java:50)
! at io.dropwizard.jersey.filter.AllowedMethodsFilter.doFilter(AllowedMethodsFilter.java:44)
! at org.eclipse.jetty.servlet.ServletHandler$CachedChain.doFilter(ServletHandler.java:1676)
! at com.google.inject.servlet.FilterChainInvocation.doFilter(FilterChainInvocation.java:89)
! at com.google.inject.servlet.ManagedFilterPipeline.dispatch(ManagedFilterPipeline.java:119)
! at com.google.inject.servlet.GuiceFilter$1.call(GuiceFilter.java:133)
! at com.google.inject.servlet.GuiceFilter$1.call(GuiceFilter.java:130)
! at com.google.inject.servlet.GuiceFilter$Context.call(GuiceFilter.java:203)
! at com.google.inject.servlet.GuiceFilter.doFilter(GuiceFilter.java:130)
! at org.eclipse.jetty.servlet.ServletHandler$CachedChain.doFilter(ServletHandler.java:1676)
! at org.eclipse.jetty.servlet.ServletHandler.doHandle(ServletHandler.java:581)
! at org.eclipse.jetty.server.handler.ContextHandler.doHandle(ContextHandler.java:1174)
! at org.eclipse.jetty.servlet.ServletHandler.doScope(ServletHandler.java:511)
! at org.eclipse.jetty.server.handler.ContextHandler.doScope(ContextHandler.java:1106)
! at org.eclipse.jetty.server.handler.ScopedHandler.handle(ScopedHandler.java:141)
! at org.eclipse.jetty.server.handler.HandlerWrapper.handle(HandlerWrapper.java:134)
! at com.codahale.metrics.jetty9.InstrumentedHandler.handle(InstrumentedHandler.java:240)
! at io.dropwizard.jetty.RoutingHandler.handle(RoutingHandler.java:51)
! at org.eclipse.jetty.server.handler.gzip.GzipHandler.handle(GzipHandler.java:396)
! at io.dropwizard.jetty.BiDiGzipHandler.handle(BiDiGzipHandler.java:68)
! at org.eclipse.jetty.server.handler.RequestLogHandler.handle(RequestLogHandler.java:56)
! at org.eclipse.jetty.server.handler.StatisticsHandler.handle(StatisticsHandler.java:169)
! at org.eclipse.jetty.server.handler.HandlerWrapper.handle(HandlerWrapper.java:134)
! at org.eclipse.jetty.server.Server.handle(Server.java:524)
! at org.eclipse.jetty.server.HttpChannel.handle(HttpChannel.java:319)
! at org.eclipse.jetty.server.HttpConnection.onFillable(HttpConnection.java:253)
! at org.eclipse.jetty.io.AbstractConnection$ReadCallback.succeeded(AbstractConnection.java:273)
! at org.eclipse.jetty.io.FillInterest.fillable(FillInterest.java:95)
! at org.eclipse.jetty.io.SelectChannelEndPoint$2.run(SelectChannelEndPoint.java:93)
! at org.eclipse.jetty.util.thread.strategy.ExecuteProduceConsume.executeProduceConsume(ExecuteProduceConsume.java:303)
! at org.eclipse.jetty.util.thread.strategy.ExecuteProduceConsume.produceConsume(ExecuteProduceConsume.java:148)
! at org.eclipse.jetty.util.thread.strategy.ExecuteProduceConsume.run(ExecuteProduceConsume.java:136)
! at org.eclipse.jetty.util.thread.QueuedThreadPool.runJob(QueuedThreadPool.java:671)
! at org.eclipse.jetty.util.thread.QueuedThreadPool$2.run(QueuedThreadPool.java:589)
! at java.lang.Thread.run(Unknown Source)
INFO  [2017-07-23 07:40:58,277] org.eclipse.jetty.server.AbstractConnector: Stopped application@1abc9f14{HTTP/1.1,[http/1.1]}{0.0.0.0:8080}
INFO  [2017-07-23 07:40:58,277] org.eclipse.jetty.server.AbstractConnector: Stopped admin@7144655b{HTTP/1.1,[http/1.1]}{0.0.0.0:8081}
INFO  [2017-07-23 07:40:58,277] org.eclipse.jetty.server.handler.ContextHandler: Stopped i.d.j.MutableServletContextHandler@7fae4d4a{/,null,UNAVAILABLE}
INFO  [2017-07-23 07:40:58,293] org.eclipse.jetty.server.handler.ContextHandler: Stopped i.d.j.MutableServletContextHandler@2228db21{/,null,UNAVAILABLE}
INFO  [2017-07-23 07:41:27,468] org.eclipse.jetty.util.log: Logging initialized @2100ms
INFO  [2017-07-23 07:41:27,530] io.dropwizard.server.DefaultServerFactory: Registering jersey handler with root path prefix: /
INFO  [2017-07-23 07:41:27,530] io.dropwizard.server.DefaultServerFactory: Registering admin handler with root path prefix: /
INFO  [2017-07-23 07:41:27,530] io.dropwizard.assets.AssetsBundle: Registering AssetBundle with name: assets for path /ineuron/*
INFO  [2017-07-23 07:41:27,561] com.hubspot.dropwizard.guice.AutoConfig: Added resource class: class com.ineuron.resources.MaterialResource
INFO  [2017-07-23 07:41:27,561] com.hubspot.dropwizard.guice.AutoConfig: Added resource class: class com.ineuron.resources.UserResource
INFO  [2017-07-23 07:41:27,561] com.hubspot.dropwizard.guice.AutoConfig: Added resource class: class com.ineuron.resources.ProductResource
INFO  [2017-07-23 07:41:27,561] com.hubspot.dropwizard.guice.AutoConfig: Added resource class: class com.ineuron.resources.FileResource
INFO  [2017-07-23 07:41:27,561] com.hubspot.dropwizard.guice.AutoConfig: Added resource class: class com.ineuron.resources.DeviceResource
INFO  [2017-07-23 07:41:29,005] com.ineuron.INeuronApplication: RolesCache is initiallized...
INFO  [2017-07-23 07:41:29,005] com.ineuron.domain.user.util.DesUtil: DES Key : E0MjWmXC
INFO  [2017-07-23 07:41:29,642] com.ineuron.INeuronApplication: DesUtil is initiallized...
INFO  [2017-07-23 07:41:29,642] io.dropwizard.server.DefaultServerFactory: Registering jersey handler with root path prefix: /
INFO  [2017-07-23 07:41:29,642] io.dropwizard.server.DefaultServerFactory: Registering admin handler with root path prefix: /
INFO  [2017-07-23 07:41:29,642] io.dropwizard.server.ServerFactory: Starting I-Neuron
INFO  [2017-07-23 07:41:29,736] org.eclipse.jetty.setuid.SetUIDListener: Opened application@7d4bb16b{HTTP/1.1,[http/1.1]}{0.0.0.0:8080}
INFO  [2017-07-23 07:41:29,752] org.eclipse.jetty.setuid.SetUIDListener: Opened admin@419ac0f5{HTTP/1.1,[http/1.1]}{0.0.0.0:8081}
INFO  [2017-07-23 07:41:29,752] org.eclipse.jetty.server.Server: jetty-9.3.z-SNAPSHOT
INFO  [2017-07-23 07:41:30,828] io.dropwizard.jersey.DropwizardResourceConfig: The following paths were found for the configured resources:

    POST    /device/createdevice (com.ineuron.resources.DeviceResource)
    POST    /device/createdeviceattribute (com.ineuron.resources.DeviceResource)
    POST    /device/deletedevice (com.ineuron.resources.DeviceResource)
    POST    /device/deletedeviceattribute (com.ineuron.resources.DeviceResource)
    GET     /device/deviceattributelist (com.ineuron.resources.DeviceResource)
    POST    /device/deviceattributesbycategoryid (com.ineuron.resources.DeviceResource)
    GET     /device/devicebyid (com.ineuron.resources.DeviceResource)
    GET     /device/devicelist (com.ineuron.resources.DeviceResource)
    POST    /device/getdeviceattributebyname (com.ineuron.resources.DeviceResource)
    POST    /device/getdevicebyname (com.ineuron.resources.DeviceResource)
    POST    /device/updatedevice (com.ineuron.resources.DeviceResource)
    POST    /device/updatedeviceattribute (com.ineuron.resources.DeviceResource)
    GET     /file/download (com.ineuron.resources.FileResource)
    POST    /file/upload (com.ineuron.resources.FileResource)
    POST    /material/create (com.ineuron.resources.MaterialResource)
    POST    /material/delete (com.ineuron.resources.MaterialResource)
    GET     /material/list (com.ineuron.resources.MaterialResource)
    GET     /material/materialbyname (com.ineuron.resources.MaterialResource)
    POST    /material/update (com.ineuron.resources.MaterialResource)
    GET     /product/attributecategorylist (com.ineuron.resources.ProductResource)
    GET     /product/attributelist (com.ineuron.resources.ProductResource)
    POST    /product/attributesbycategoryid (com.ineuron.resources.ProductResource)
    POST    /product/createattribute (com.ineuron.resources.ProductResource)
    POST    /product/createformula (com.ineuron.resources.ProductResource)
    POST    /product/createproduct (com.ineuron.resources.ProductResource)
    POST    /product/createproductcategory (com.ineuron.resources.ProductResource)
    POST    /product/createproductpackagetype (com.ineuron.resources.ProductResource)
    POST    /product/deleteattribute (com.ineuron.resources.ProductResource)
    POST    /product/deleteformula (com.ineuron.resources.ProductResource)
    POST    /product/deleteproduct (com.ineuron.resources.ProductResource)
    POST    /product/deleteproductcategory (com.ineuron.resources.ProductResource)
    GET     /product/formulabyid (com.ineuron.resources.ProductResource)
    GET     /product/formulas (com.ineuron.resources.ProductResource)
    POST    /product/getattributebyname (com.ineuron.resources.ProductResource)
    POST    /product/getproductbyname (com.ineuron.resources.ProductResource)
    POST    /product/getproductcategorybycode (com.ineuron.resources.ProductResource)
    POST    /product/getproductcategorybyid (com.ineuron.resources.ProductResource)
    POST    /product/getproductcategorybyname (com.ineuron.resources.ProductResource)
    GET     /product/labelproductpackagetype (com.ineuron.resources.ProductResource)
    GET     /product/productbyid (com.ineuron.resources.ProductResource)
    GET     /product/productcategorylist (com.ineuron.resources.ProductResource)
    GET     /product/productlist (com.ineuron.resources.ProductResource)
    POST    /product/productlistbycategory (com.ineuron.resources.ProductResource)
    GET     /product/productpackagetypelist (com.ineuron.resources.ProductResource)
    POST    /product/saveprocesses (com.ineuron.resources.ProductResource)
    POST    /product/updateattribute (com.ineuron.resources.ProductResource)
    POST    /product/updateformula (com.ineuron.resources.ProductResource)
    POST    /product/updateproduct (com.ineuron.resources.ProductResource)
    POST    /product/updateproductcategory (com.ineuron.resources.ProductResource)
    POST    /product/updateproductpackagetype (com.ineuron.resources.ProductResource)
    POST    /product/updateproductprice (com.ineuron.resources.ProductResource)
    POST    /user/authenticate (com.ineuron.resources.UserResource)
    POST    /user/createrole (com.ineuron.resources.UserResource)
    POST    /user/delete (com.ineuron.resources.UserResource)
    POST    /user/deleterole (com.ineuron.resources.UserResource)
    GET     /user/list (com.ineuron.resources.UserResource)
    POST    /user/register (com.ineuron.resources.UserResource)
    GET     /user/rolelist (com.ineuron.resources.UserResource)
    POST    /user/update (com.ineuron.resources.UserResource)
    POST    /user/updaterole (com.ineuron.resources.UserResource)
    GET     /user/user (com.ineuron.resources.UserResource)
    GET     /user/validateloginstatus (com.ineuron.resources.UserResource)

INFO  [2017-07-23 07:41:30,844] org.eclipse.jetty.server.handler.ContextHandler: Started i.d.j.MutableServletContextHandler@2228db21{/,null,AVAILABLE}
INFO  [2017-07-23 07:41:30,844] io.dropwizard.setup.AdminEnvironment: tasks = 

    POST    /tasks/log-level (io.dropwizard.servlets.tasks.LogConfigurationTask)
    POST    /tasks/gc (io.dropwizard.servlets.tasks.GarbageCollectionTask)

WARN  [2017-07-23 07:41:30,844] io.dropwizard.setup.AdminEnvironment: 
!!!!!!!!!!!!!!!!!!!!!!!!!!!!!!!!!!!!!!!!!!!!!!!!!!!!!!!!!!!!!!!!!!!!!!!!!!!!!!!!
!!!!!!!!!!!!!!!!!!!!!!!!!!!!!!!!!!!!!!!!!!!!!!!!!!!!!!!!!!!!!!!!!!!!!!!!!!!!!!!!
!    THIS APPLICATION HAS NO HEALTHCHECKS. THIS MEANS YOU WILL NEVER KNOW      !
!     IF IT DIES IN PRODUCTION, WHICH MEANS YOU WILL NEVER KNOW IF YOU'RE      !
!    LETTING YOUR USERS DOWN. YOU SHOULD ADD A HEALTHCHECK FOR EACH OF YOUR    !
!         APPLICATION'S DEPENDENCIES WHICH FULLY (BUT LIGHTLY) TESTS IT.       !
!!!!!!!!!!!!!!!!!!!!!!!!!!!!!!!!!!!!!!!!!!!!!!!!!!!!!!!!!!!!!!!!!!!!!!!!!!!!!!!!
!!!!!!!!!!!!!!!!!!!!!!!!!!!!!!!!!!!!!!!!!!!!!!!!!!!!!!!!!!!!!!!!!!!!!!!!!!!!!!!!
INFO  [2017-07-23 07:41:30,860] org.eclipse.jetty.server.handler.ContextHandler: Started i.d.j.MutableServletContextHandler@7fae4d4a{/,null,AVAILABLE}
INFO  [2017-07-23 07:41:30,891] org.eclipse.jetty.server.AbstractConnector: Started application@7d4bb16b{HTTP/1.1,[http/1.1]}{0.0.0.0:8080}
INFO  [2017-07-23 07:41:30,891] org.eclipse.jetty.server.AbstractConnector: Started admin@419ac0f5{HTTP/1.1,[http/1.1]}{0.0.0.0:8081}
INFO  [2017-07-23 07:41:30,907] org.eclipse.jetty.server.Server: Started @5536ms
INFO  [2017-07-23 07:41:38,778] com.ineuron.domain.user.service.UserService: founduser.getAllPermissions().size() : 6
INFO  [2017-07-23 07:41:38,782] com.ineuron.resources.UserResource: user/authenticate user:d logined in... newApiToken=bBUP2kP964gxUIMKf5J4YAMkDpXyK8JY8bEn/PP6t5s=
INFO  [2017-07-23 07:41:43,036] com.ineuron.domain.user.service.SecurityService: environment = dev; debug = false
INFO  [2017-07-23 07:41:48,632] com.ineuron.domain.user.service.SecurityService: environment = dev; debug = false
INFO  [2017-07-23 07:43:47,108] com.ineuron.domain.user.service.UserService: founduser.getAllPermissions().size() : 6
INFO  [2017-07-23 07:43:47,108] com.ineuron.resources.UserResource: user/authenticate user:d logined in... newApiToken=bBUP2kP964gxUIMKf5J4YJPVsc9c4DcGNCOURwd2M6o=
INFO  [2017-07-23 07:43:49,182] com.ineuron.domain.user.service.SecurityService: environment = dev; debug = false
ERROR [2017-07-23 07:43:49,416] com.ineuron.resources.DeviceResource: failed to excute select sql: getDeviceAttributeCategoryById!
! com.microsoft.sqlserver.jdbc.SQLServerException: Invalid object name 'DeviceAttributeCategories'.
! at com.microsoft.sqlserver.jdbc.SQLServerException.makeFromDatabaseError(SQLServerException.java:217)
! at com.microsoft.sqlserver.jdbc.SQLServerStatement.getNextResult(SQLServerStatement.java:1655)
! at com.microsoft.sqlserver.jdbc.SQLServerPreparedStatement.doExecutePreparedStatement(SQLServerPreparedStatement.java:440)
! at com.microsoft.sqlserver.jdbc.SQLServerPreparedStatement$PrepStmtExecCmd.doExecute(SQLServerPreparedStatement.java:385)
! at com.microsoft.sqlserver.jdbc.TDSCommand.execute(IOBuffer.java:7505)
! at com.microsoft.sqlserver.jdbc.SQLServerConnection.executeCommand(SQLServerConnection.java:2444)
! at com.microsoft.sqlserver.jdbc.SQLServerStatement.executeCommand(SQLServerStatement.java:191)
! at com.microsoft.sqlserver.jdbc.SQLServerStatement.executeStatement(SQLServerStatement.java:166)
! at com.microsoft.sqlserver.jdbc.SQLServerPreparedStatement.execute(SQLServerPreparedStatement.java:367)
! at sun.reflect.NativeMethodAccessorImpl.invoke0(Native Method)
! at sun.reflect.NativeMethodAccessorImpl.invoke(Unknown Source)
! at sun.reflect.DelegatingMethodAccessorImpl.invoke(Unknown Source)
! at java.lang.reflect.Method.invoke(Unknown Source)
! at org.apache.ibatis.logging.jdbc.PreparedStatementLogger.invoke(PreparedStatementLogger.java:59)
! at com.sun.proxy.$Proxy55.execute(Unknown Source)
! at org.apache.ibatis.executor.statement.PreparedStatementHandler.query(PreparedStatementHandler.java:63)
! at org.apache.ibatis.executor.statement.RoutingStatementHandler.query(RoutingStatementHandler.java:79)
! at org.apache.ibatis.executor.SimpleExecutor.doQuery(SimpleExecutor.java:63)
! at org.apache.ibatis.executor.BaseExecutor.queryFromDatabase(BaseExecutor.java:325)
! at org.apache.ibatis.executor.BaseExecutor.query(BaseExecutor.java:156)
! at org.apache.ibatis.executor.CachingExecutor.query(CachingExecutor.java:109)
! at org.apache.ibatis.executor.CachingExecutor.query(CachingExecutor.java:83)
! at org.apache.ibatis.session.defaults.DefaultSqlSession.selectList(DefaultSqlSession.java:148)
! ... 71 common frames omitted
! Causing: org.apache.ibatis.exceptions.PersistenceException: 
! ### Error querying database.  Cause: com.microsoft.sqlserver.jdbc.SQLServerException: Invalid object name 'DeviceAttributeCategories'.
! ### The error may exist in com/ineuron/domain/device/repository/DeviceMapper.xml
! ### The error may involve defaultParameterMap
! ### The error occurred while setting parameters
! ### SQL: select * from DeviceAttributeCategories where id=?
! ### Cause: com.microsoft.sqlserver.jdbc.SQLServerException: Invalid object name 'DeviceAttributeCategories'.
! at org.apache.ibatis.exceptions.ExceptionFactory.wrapException(ExceptionFactory.java:30)
! at org.apache.ibatis.session.defaults.DefaultSqlSession.selectList(DefaultSqlSession.java:150)
! at org.apache.ibatis.session.defaults.DefaultSqlSession.selectList(DefaultSqlSession.java:141)
! at org.apache.ibatis.session.defaults.DefaultSqlSession.selectOne(DefaultSqlSession.java:77)
! at com.ineuron.dataaccess.db.INeuronRepository.selectOne(INeuronRepository.java:102)
! at com.ineuron.domain.device.valueobject.DeviceAttribute.init(DeviceAttribute.java:38)
! at com.ineuron.domain.device.service.DeviceService.getAttributeList(DeviceService.java:90)
! at com.ineuron.resources.DeviceResource.deviceAttributeList(DeviceResource.java:204)
! at sun.reflect.NativeMethodAccessorImpl.invoke0(Native Method)
! at sun.reflect.NativeMethodAccessorImpl.invoke(Unknown Source)
! at sun.reflect.DelegatingMethodAccessorImpl.invoke(Unknown Source)
! at java.lang.reflect.Method.invoke(Unknown Source)
! at org.glassfish.jersey.server.model.internal.ResourceMethodInvocationHandlerFactory$1.invoke(ResourceMethodInvocationHandlerFactory.java:81)
! at org.glassfish.jersey.server.model.internal.AbstractJavaResourceMethodDispatcher$1.run(AbstractJavaResourceMethodDispatcher.java:144)
! at org.glassfish.jersey.server.model.internal.AbstractJavaResourceMethodDispatcher.invoke(AbstractJavaResourceMethodDispatcher.java:161)
! at org.glassfish.jersey.server.model.internal.JavaResourceMethodDispatcherProvider$ResponseOutInvoker.doDispatch(JavaResourceMethodDispatcherProvider.java:160)
! at org.glassfish.jersey.server.model.internal.AbstractJavaResourceMethodDispatcher.dispatch(AbstractJavaResourceMethodDispatcher.java:99)
! at org.glassfish.jersey.server.model.ResourceMethodInvoker.invoke(ResourceMethodInvoker.java:389)
! at org.glassfish.jersey.server.model.ResourceMethodInvoker.apply(ResourceMethodInvoker.java:347)
! at org.glassfish.jersey.server.model.ResourceMethodInvoker.apply(ResourceMethodInvoker.java:102)
! at org.glassfish.jersey.server.ServerRuntime$2.run(ServerRuntime.java:326)
! at org.glassfish.jersey.internal.Errors$1.call(Errors.java:271)
! at org.glassfish.jersey.internal.Errors$1.call(Errors.java:267)
! at org.glassfish.jersey.internal.Errors.process(Errors.java:315)
! at org.glassfish.jersey.internal.Errors.process(Errors.java:297)
! at org.glassfish.jersey.internal.Errors.process(Errors.java:267)
! at org.glassfish.jersey.process.internal.RequestScope.runInScope(RequestScope.java:317)
! at org.glassfish.jersey.server.ServerRuntime.process(ServerRuntime.java:305)
! at org.glassfish.jersey.server.ApplicationHandler.handle(ApplicationHandler.java:1154)
! at org.glassfish.jersey.servlet.WebComponent.serviceImpl(WebComponent.java:473)
! at org.glassfish.jersey.servlet.WebComponent.service(WebComponent.java:427)
! at org.glassfish.jersey.servlet.ServletContainer.service(ServletContainer.java:388)
! at org.glassfish.jersey.servlet.ServletContainer.service(ServletContainer.java:341)
! at org.glassfish.jersey.servlet.ServletContainer.service(ServletContainer.java:228)
! at io.dropwizard.jetty.NonblockingServletHolder.handle(NonblockingServletHolder.java:49)
! at org.eclipse.jetty.servlet.ServletHandler$CachedChain.doFilter(ServletHandler.java:1689)
! at io.dropwizard.servlets.ThreadNameFilter.doFilter(ThreadNameFilter.java:34)
! at org.eclipse.jetty.servlet.ServletHandler$CachedChain.doFilter(ServletHandler.java:1676)
! at io.dropwizard.jersey.filter.AllowedMethodsFilter.handle(AllowedMethodsFilter.java:50)
! at io.dropwizard.jersey.filter.AllowedMethodsFilter.doFilter(AllowedMethodsFilter.java:44)
! at org.eclipse.jetty.servlet.ServletHandler$CachedChain.doFilter(ServletHandler.java:1676)
! at com.google.inject.servlet.FilterChainInvocation.doFilter(FilterChainInvocation.java:89)
! at com.google.inject.servlet.ManagedFilterPipeline.dispatch(ManagedFilterPipeline.java:119)
! at com.google.inject.servlet.GuiceFilter$1.call(GuiceFilter.java:133)
! at com.google.inject.servlet.GuiceFilter$1.call(GuiceFilter.java:130)
! at com.google.inject.servlet.GuiceFilter$Context.call(GuiceFilter.java:203)
! at com.google.inject.servlet.GuiceFilter.doFilter(GuiceFilter.java:130)
! at org.eclipse.jetty.servlet.ServletHandler$CachedChain.doFilter(ServletHandler.java:1676)
! at org.eclipse.jetty.servlet.ServletHandler.doHandle(ServletHandler.java:581)
! at org.eclipse.jetty.server.handler.ContextHandler.doHandle(ContextHandler.java:1174)
! at org.eclipse.jetty.servlet.ServletHandler.doScope(ServletHandler.java:511)
! at org.eclipse.jetty.server.handler.ContextHandler.doScope(ContextHandler.java:1106)
! at org.eclipse.jetty.server.handler.ScopedHandler.handle(ScopedHandler.java:141)
! at org.eclipse.jetty.server.handler.HandlerWrapper.handle(HandlerWrapper.java:134)
! at com.codahale.metrics.jetty9.InstrumentedHandler.handle(InstrumentedHandler.java:240)
! at io.dropwizard.jetty.RoutingHandler.handle(RoutingHandler.java:51)
! at org.eclipse.jetty.server.handler.gzip.GzipHandler.handle(GzipHandler.java:459)
! at io.dropwizard.jetty.BiDiGzipHandler.handle(BiDiGzipHandler.java:68)
! at org.eclipse.jetty.server.handler.RequestLogHandler.handle(RequestLogHandler.java:56)
! at org.eclipse.jetty.server.handler.StatisticsHandler.handle(StatisticsHandler.java:169)
! at org.eclipse.jetty.server.handler.HandlerWrapper.handle(HandlerWrapper.java:134)
! at org.eclipse.jetty.server.Server.handle(Server.java:524)
! at org.eclipse.jetty.server.HttpChannel.handle(HttpChannel.java:319)
! at org.eclipse.jetty.server.HttpConnection.onFillable(HttpConnection.java:253)
! at org.eclipse.jetty.io.AbstractConnection$ReadCallback.succeeded(AbstractConnection.java:273)
! at org.eclipse.jetty.io.FillInterest.fillable(FillInterest.java:95)
! at org.eclipse.jetty.io.SelectChannelEndPoint$2.run(SelectChannelEndPoint.java:93)
! at org.eclipse.jetty.util.thread.strategy.ExecuteProduceConsume.executeProduceConsume(ExecuteProduceConsume.java:303)
! at org.eclipse.jetty.util.thread.strategy.ExecuteProduceConsume.produceConsume(ExecuteProduceConsume.java:148)
! at org.eclipse.jetty.util.thread.strategy.ExecuteProduceConsume.run(ExecuteProduceConsume.java:136)
! at org.eclipse.jetty.util.thread.QueuedThreadPool.runJob(QueuedThreadPool.java:671)
! at org.eclipse.jetty.util.thread.QueuedThreadPool$2.run(QueuedThreadPool.java:589)
! at java.lang.Thread.run(Unknown Source)
INFO  [2017-07-23 08:01:31,123] org.eclipse.jetty.server.AbstractConnector: Stopped application@7d4bb16b{HTTP/1.1,[http/1.1]}{0.0.0.0:8080}
INFO  [2017-07-23 08:01:31,123] org.eclipse.jetty.server.AbstractConnector: Stopped admin@419ac0f5{HTTP/1.1,[http/1.1]}{0.0.0.0:8081}
INFO  [2017-07-23 08:01:31,123] org.eclipse.jetty.server.handler.ContextHandler: Stopped i.d.j.MutableServletContextHandler@7fae4d4a{/,null,UNAVAILABLE}
INFO  [2017-07-23 08:01:31,123] org.eclipse.jetty.server.handler.ContextHandler: Stopped i.d.j.MutableServletContextHandler@2228db21{/,null,UNAVAILABLE}
INFO  [2017-07-23 08:01:56,842] org.eclipse.jetty.util.log: Logging initialized @2154ms
INFO  [2017-07-23 08:01:56,936] io.dropwizard.server.DefaultServerFactory: Registering jersey handler with root path prefix: /
INFO  [2017-07-23 08:01:56,936] io.dropwizard.server.DefaultServerFactory: Registering admin handler with root path prefix: /
INFO  [2017-07-23 08:01:56,936] io.dropwizard.assets.AssetsBundle: Registering AssetBundle with name: assets for path /ineuron/*
INFO  [2017-07-23 08:01:56,961] com.hubspot.dropwizard.guice.AutoConfig: Added resource class: class com.ineuron.resources.MaterialResource
INFO  [2017-07-23 08:01:56,965] com.hubspot.dropwizard.guice.AutoConfig: Added resource class: class com.ineuron.resources.UserResource
INFO  [2017-07-23 08:01:56,965] com.hubspot.dropwizard.guice.AutoConfig: Added resource class: class com.ineuron.resources.ProductResource
INFO  [2017-07-23 08:01:56,965] com.hubspot.dropwizard.guice.AutoConfig: Added resource class: class com.ineuron.resources.FileResource
INFO  [2017-07-23 08:01:56,965] com.hubspot.dropwizard.guice.AutoConfig: Added resource class: class com.ineuron.resources.DeviceResource
INFO  [2017-07-23 08:01:58,298] com.ineuron.INeuronApplication: RolesCache is initiallized...
INFO  [2017-07-23 08:01:58,298] com.ineuron.domain.user.util.DesUtil: DES Key : 7qN1G29O
INFO  [2017-07-23 08:01:58,923] com.ineuron.INeuronApplication: DesUtil is initiallized...
INFO  [2017-07-23 08:01:58,923] io.dropwizard.server.DefaultServerFactory: Registering jersey handler with root path prefix: /
INFO  [2017-07-23 08:01:58,923] io.dropwizard.server.DefaultServerFactory: Registering admin handler with root path prefix: /
INFO  [2017-07-23 08:01:58,923] io.dropwizard.server.ServerFactory: Starting I-Neuron
INFO  [2017-07-23 08:01:59,040] org.eclipse.jetty.setuid.SetUIDListener: Opened application@7d4bb16b{HTTP/1.1,[http/1.1]}{0.0.0.0:8080}
INFO  [2017-07-23 08:01:59,040] org.eclipse.jetty.setuid.SetUIDListener: Opened admin@419ac0f5{HTTP/1.1,[http/1.1]}{0.0.0.0:8081}
INFO  [2017-07-23 08:01:59,044] org.eclipse.jetty.server.Server: jetty-9.3.z-SNAPSHOT
INFO  [2017-07-23 08:02:00,088] io.dropwizard.jersey.DropwizardResourceConfig: The following paths were found for the configured resources:

    POST    /device/createdevice (com.ineuron.resources.DeviceResource)
    POST    /device/createdeviceattribute (com.ineuron.resources.DeviceResource)
    POST    /device/deletedevice (com.ineuron.resources.DeviceResource)
    POST    /device/deletedeviceattribute (com.ineuron.resources.DeviceResource)
    GET     /device/deviceattributelist (com.ineuron.resources.DeviceResource)
    POST    /device/deviceattributesbycategoryid (com.ineuron.resources.DeviceResource)
    GET     /device/devicebyid (com.ineuron.resources.DeviceResource)
    GET     /device/devicelist (com.ineuron.resources.DeviceResource)
    POST    /device/getdeviceattributebyname (com.ineuron.resources.DeviceResource)
    POST    /device/getdevicebyname (com.ineuron.resources.DeviceResource)
    POST    /device/updatedevice (com.ineuron.resources.DeviceResource)
    POST    /device/updatedeviceattribute (com.ineuron.resources.DeviceResource)
    GET     /file/download (com.ineuron.resources.FileResource)
    POST    /file/upload (com.ineuron.resources.FileResource)
    POST    /material/create (com.ineuron.resources.MaterialResource)
    POST    /material/delete (com.ineuron.resources.MaterialResource)
    GET     /material/list (com.ineuron.resources.MaterialResource)
    GET     /material/materialbyname (com.ineuron.resources.MaterialResource)
    POST    /material/update (com.ineuron.resources.MaterialResource)
    GET     /product/attributecategorylist (com.ineuron.resources.ProductResource)
    GET     /product/attributelist (com.ineuron.resources.ProductResource)
    POST    /product/attributesbycategoryid (com.ineuron.resources.ProductResource)
    POST    /product/createattribute (com.ineuron.resources.ProductResource)
    POST    /product/createformula (com.ineuron.resources.ProductResource)
    POST    /product/createproduct (com.ineuron.resources.ProductResource)
    POST    /product/createproductcategory (com.ineuron.resources.ProductResource)
    POST    /product/createproductpackagetype (com.ineuron.resources.ProductResource)
    POST    /product/deleteattribute (com.ineuron.resources.ProductResource)
    POST    /product/deleteformula (com.ineuron.resources.ProductResource)
    POST    /product/deleteproduct (com.ineuron.resources.ProductResource)
    POST    /product/deleteproductcategory (com.ineuron.resources.ProductResource)
    GET     /product/formulabyid (com.ineuron.resources.ProductResource)
    GET     /product/formulas (com.ineuron.resources.ProductResource)
    POST    /product/getattributebyname (com.ineuron.resources.ProductResource)
    POST    /product/getproductbyname (com.ineuron.resources.ProductResource)
    POST    /product/getproductcategorybycode (com.ineuron.resources.ProductResource)
    POST    /product/getproductcategorybyid (com.ineuron.resources.ProductResource)
    POST    /product/getproductcategorybyname (com.ineuron.resources.ProductResource)
    GET     /product/labelproductpackagetype (com.ineuron.resources.ProductResource)
    GET     /product/productbyid (com.ineuron.resources.ProductResource)
    GET     /product/productcategorylist (com.ineuron.resources.ProductResource)
    GET     /product/productlist (com.ineuron.resources.ProductResource)
    POST    /product/productlistbycategory (com.ineuron.resources.ProductResource)
    GET     /product/productpackagetypelist (com.ineuron.resources.ProductResource)
    POST    /product/saveprocesses (com.ineuron.resources.ProductResource)
    POST    /product/updateattribute (com.ineuron.resources.ProductResource)
    POST    /product/updateformula (com.ineuron.resources.ProductResource)
    POST    /product/updateproduct (com.ineuron.resources.ProductResource)
    POST    /product/updateproductcategory (com.ineuron.resources.ProductResource)
    POST    /product/updateproductpackagetype (com.ineuron.resources.ProductResource)
    POST    /product/updateproductprice (com.ineuron.resources.ProductResource)
    POST    /user/authenticate (com.ineuron.resources.UserResource)
    POST    /user/createrole (com.ineuron.resources.UserResource)
    POST    /user/delete (com.ineuron.resources.UserResource)
    POST    /user/deleterole (com.ineuron.resources.UserResource)
    GET     /user/list (com.ineuron.resources.UserResource)
    POST    /user/register (com.ineuron.resources.UserResource)
    GET     /user/rolelist (com.ineuron.resources.UserResource)
    POST    /user/update (com.ineuron.resources.UserResource)
    POST    /user/updaterole (com.ineuron.resources.UserResource)
    GET     /user/user (com.ineuron.resources.UserResource)
    GET     /user/validateloginstatus (com.ineuron.resources.UserResource)

INFO  [2017-07-23 08:02:00,120] org.eclipse.jetty.server.handler.ContextHandler: Started i.d.j.MutableServletContextHandler@2228db21{/,null,AVAILABLE}
INFO  [2017-07-23 08:02:00,120] io.dropwizard.setup.AdminEnvironment: tasks = 

    POST    /tasks/log-level (io.dropwizard.servlets.tasks.LogConfigurationTask)
    POST    /tasks/gc (io.dropwizard.servlets.tasks.GarbageCollectionTask)

WARN  [2017-07-23 08:02:00,120] io.dropwizard.setup.AdminEnvironment: 
!!!!!!!!!!!!!!!!!!!!!!!!!!!!!!!!!!!!!!!!!!!!!!!!!!!!!!!!!!!!!!!!!!!!!!!!!!!!!!!!
!!!!!!!!!!!!!!!!!!!!!!!!!!!!!!!!!!!!!!!!!!!!!!!!!!!!!!!!!!!!!!!!!!!!!!!!!!!!!!!!
!    THIS APPLICATION HAS NO HEALTHCHECKS. THIS MEANS YOU WILL NEVER KNOW      !
!     IF IT DIES IN PRODUCTION, WHICH MEANS YOU WILL NEVER KNOW IF YOU'RE      !
!    LETTING YOUR USERS DOWN. YOU SHOULD ADD A HEALTHCHECK FOR EACH OF YOUR    !
!         APPLICATION'S DEPENDENCIES WHICH FULLY (BUT LIGHTLY) TESTS IT.       !
!!!!!!!!!!!!!!!!!!!!!!!!!!!!!!!!!!!!!!!!!!!!!!!!!!!!!!!!!!!!!!!!!!!!!!!!!!!!!!!!
!!!!!!!!!!!!!!!!!!!!!!!!!!!!!!!!!!!!!!!!!!!!!!!!!!!!!!!!!!!!!!!!!!!!!!!!!!!!!!!!
INFO  [2017-07-23 08:02:00,135] org.eclipse.jetty.server.handler.ContextHandler: Started i.d.j.MutableServletContextHandler@7fae4d4a{/,null,AVAILABLE}
INFO  [2017-07-23 08:02:00,166] org.eclipse.jetty.server.AbstractConnector: Started application@7d4bb16b{HTTP/1.1,[http/1.1]}{0.0.0.0:8080}
INFO  [2017-07-23 08:02:00,182] org.eclipse.jetty.server.AbstractConnector: Started admin@419ac0f5{HTTP/1.1,[http/1.1]}{0.0.0.0:8081}
INFO  [2017-07-23 08:02:00,182] org.eclipse.jetty.server.Server: Started @5504ms
INFO  [2017-07-23 08:02:11,471] com.ineuron.domain.user.service.UserService: founduser.getAllPermissions().size() : 6
INFO  [2017-07-23 08:02:11,471] com.ineuron.resources.UserResource: user/authenticate user:d logined in... newApiToken=/HKPBOZxvxsPlYshdzRdr9RCkA1EFbxFWsrOnG0wFY4=
INFO  [2017-07-23 08:02:14,632] com.ineuron.domain.user.service.SecurityService: environment = dev; debug = false
ERROR [2017-07-23 08:02:14,716] com.ineuron.resources.DeviceResource: failed to excute select sql: getDeviceAttributeCategoryById!
! com.microsoft.sqlserver.jdbc.SQLServerException: Invalid object name 'DeviceAttributeCategories'.
! at com.microsoft.sqlserver.jdbc.SQLServerException.makeFromDatabaseError(SQLServerException.java:217)
! at com.microsoft.sqlserver.jdbc.SQLServerStatement.getNextResult(SQLServerStatement.java:1655)
! at com.microsoft.sqlserver.jdbc.SQLServerPreparedStatement.doExecutePreparedStatement(SQLServerPreparedStatement.java:440)
! at com.microsoft.sqlserver.jdbc.SQLServerPreparedStatement$PrepStmtExecCmd.doExecute(SQLServerPreparedStatement.java:385)
! at com.microsoft.sqlserver.jdbc.TDSCommand.execute(IOBuffer.java:7505)
! at com.microsoft.sqlserver.jdbc.SQLServerConnection.executeCommand(SQLServerConnection.java:2444)
! at com.microsoft.sqlserver.jdbc.SQLServerStatement.executeCommand(SQLServerStatement.java:191)
! at com.microsoft.sqlserver.jdbc.SQLServerStatement.executeStatement(SQLServerStatement.java:166)
! at com.microsoft.sqlserver.jdbc.SQLServerPreparedStatement.execute(SQLServerPreparedStatement.java:367)
! at sun.reflect.NativeMethodAccessorImpl.invoke0(Native Method)
! at sun.reflect.NativeMethodAccessorImpl.invoke(Unknown Source)
! at sun.reflect.DelegatingMethodAccessorImpl.invoke(Unknown Source)
! at java.lang.reflect.Method.invoke(Unknown Source)
! at org.apache.ibatis.logging.jdbc.PreparedStatementLogger.invoke(PreparedStatementLogger.java:59)
! at com.sun.proxy.$Proxy55.execute(Unknown Source)
! at org.apache.ibatis.executor.statement.PreparedStatementHandler.query(PreparedStatementHandler.java:63)
! at org.apache.ibatis.executor.statement.RoutingStatementHandler.query(RoutingStatementHandler.java:79)
! at org.apache.ibatis.executor.SimpleExecutor.doQuery(SimpleExecutor.java:63)
! at org.apache.ibatis.executor.BaseExecutor.queryFromDatabase(BaseExecutor.java:325)
! at org.apache.ibatis.executor.BaseExecutor.query(BaseExecutor.java:156)
! at org.apache.ibatis.executor.CachingExecutor.query(CachingExecutor.java:109)
! at org.apache.ibatis.executor.CachingExecutor.query(CachingExecutor.java:83)
! at org.apache.ibatis.session.defaults.DefaultSqlSession.selectList(DefaultSqlSession.java:148)
! ... 71 common frames omitted
! Causing: org.apache.ibatis.exceptions.PersistenceException: 
! ### Error querying database.  Cause: com.microsoft.sqlserver.jdbc.SQLServerException: Invalid object name 'DeviceAttributeCategories'.
! ### The error may exist in com/ineuron/domain/device/repository/DeviceMapper.xml
! ### The error may involve defaultParameterMap
! ### The error occurred while setting parameters
! ### SQL: select * from DeviceAttributeCategories where id=?
! ### Cause: com.microsoft.sqlserver.jdbc.SQLServerException: Invalid object name 'DeviceAttributeCategories'.
! at org.apache.ibatis.exceptions.ExceptionFactory.wrapException(ExceptionFactory.java:30)
! at org.apache.ibatis.session.defaults.DefaultSqlSession.selectList(DefaultSqlSession.java:150)
! at org.apache.ibatis.session.defaults.DefaultSqlSession.selectList(DefaultSqlSession.java:141)
! at org.apache.ibatis.session.defaults.DefaultSqlSession.selectOne(DefaultSqlSession.java:77)
! at com.ineuron.dataaccess.db.INeuronRepository.selectOne(INeuronRepository.java:102)
! at com.ineuron.domain.device.valueobject.DeviceAttribute.init(DeviceAttribute.java:39)
! at com.ineuron.domain.device.service.DeviceService.getAttributeList(DeviceService.java:90)
! at com.ineuron.resources.DeviceResource.deviceAttributeList(DeviceResource.java:204)
! at sun.reflect.NativeMethodAccessorImpl.invoke0(Native Method)
! at sun.reflect.NativeMethodAccessorImpl.invoke(Unknown Source)
! at sun.reflect.DelegatingMethodAccessorImpl.invoke(Unknown Source)
! at java.lang.reflect.Method.invoke(Unknown Source)
! at org.glassfish.jersey.server.model.internal.ResourceMethodInvocationHandlerFactory$1.invoke(ResourceMethodInvocationHandlerFactory.java:81)
! at org.glassfish.jersey.server.model.internal.AbstractJavaResourceMethodDispatcher$1.run(AbstractJavaResourceMethodDispatcher.java:144)
! at org.glassfish.jersey.server.model.internal.AbstractJavaResourceMethodDispatcher.invoke(AbstractJavaResourceMethodDispatcher.java:161)
! at org.glassfish.jersey.server.model.internal.JavaResourceMethodDispatcherProvider$ResponseOutInvoker.doDispatch(JavaResourceMethodDispatcherProvider.java:160)
! at org.glassfish.jersey.server.model.internal.AbstractJavaResourceMethodDispatcher.dispatch(AbstractJavaResourceMethodDispatcher.java:99)
! at org.glassfish.jersey.server.model.ResourceMethodInvoker.invoke(ResourceMethodInvoker.java:389)
! at org.glassfish.jersey.server.model.ResourceMethodInvoker.apply(ResourceMethodInvoker.java:347)
! at org.glassfish.jersey.server.model.ResourceMethodInvoker.apply(ResourceMethodInvoker.java:102)
! at org.glassfish.jersey.server.ServerRuntime$2.run(ServerRuntime.java:326)
! at org.glassfish.jersey.internal.Errors$1.call(Errors.java:271)
! at org.glassfish.jersey.internal.Errors$1.call(Errors.java:267)
! at org.glassfish.jersey.internal.Errors.process(Errors.java:315)
! at org.glassfish.jersey.internal.Errors.process(Errors.java:297)
! at org.glassfish.jersey.internal.Errors.process(Errors.java:267)
! at org.glassfish.jersey.process.internal.RequestScope.runInScope(RequestScope.java:317)
! at org.glassfish.jersey.server.ServerRuntime.process(ServerRuntime.java:305)
! at org.glassfish.jersey.server.ApplicationHandler.handle(ApplicationHandler.java:1154)
! at org.glassfish.jersey.servlet.WebComponent.serviceImpl(WebComponent.java:473)
! at org.glassfish.jersey.servlet.WebComponent.service(WebComponent.java:427)
! at org.glassfish.jersey.servlet.ServletContainer.service(ServletContainer.java:388)
! at org.glassfish.jersey.servlet.ServletContainer.service(ServletContainer.java:341)
! at org.glassfish.jersey.servlet.ServletContainer.service(ServletContainer.java:228)
! at io.dropwizard.jetty.NonblockingServletHolder.handle(NonblockingServletHolder.java:49)
! at org.eclipse.jetty.servlet.ServletHandler$CachedChain.doFilter(ServletHandler.java:1689)
! at io.dropwizard.servlets.ThreadNameFilter.doFilter(ThreadNameFilter.java:34)
! at org.eclipse.jetty.servlet.ServletHandler$CachedChain.doFilter(ServletHandler.java:1676)
! at io.dropwizard.jersey.filter.AllowedMethodsFilter.handle(AllowedMethodsFilter.java:50)
! at io.dropwizard.jersey.filter.AllowedMethodsFilter.doFilter(AllowedMethodsFilter.java:44)
! at org.eclipse.jetty.servlet.ServletHandler$CachedChain.doFilter(ServletHandler.java:1676)
! at com.google.inject.servlet.FilterChainInvocation.doFilter(FilterChainInvocation.java:89)
! at com.google.inject.servlet.ManagedFilterPipeline.dispatch(ManagedFilterPipeline.java:119)
! at com.google.inject.servlet.GuiceFilter$1.call(GuiceFilter.java:133)
! at com.google.inject.servlet.GuiceFilter$1.call(GuiceFilter.java:130)
! at com.google.inject.servlet.GuiceFilter$Context.call(GuiceFilter.java:203)
! at com.google.inject.servlet.GuiceFilter.doFilter(GuiceFilter.java:130)
! at org.eclipse.jetty.servlet.ServletHandler$CachedChain.doFilter(ServletHandler.java:1676)
! at org.eclipse.jetty.servlet.ServletHandler.doHandle(ServletHandler.java:581)
! at org.eclipse.jetty.server.handler.ContextHandler.doHandle(ContextHandler.java:1174)
! at org.eclipse.jetty.servlet.ServletHandler.doScope(ServletHandler.java:511)
! at org.eclipse.jetty.server.handler.ContextHandler.doScope(ContextHandler.java:1106)
! at org.eclipse.jetty.server.handler.ScopedHandler.handle(ScopedHandler.java:141)
! at org.eclipse.jetty.server.handler.HandlerWrapper.handle(HandlerWrapper.java:134)
! at com.codahale.metrics.jetty9.InstrumentedHandler.handle(InstrumentedHandler.java:240)
! at io.dropwizard.jetty.RoutingHandler.handle(RoutingHandler.java:51)
! at org.eclipse.jetty.server.handler.gzip.GzipHandler.handle(GzipHandler.java:459)
! at io.dropwizard.jetty.BiDiGzipHandler.handle(BiDiGzipHandler.java:68)
! at org.eclipse.jetty.server.handler.RequestLogHandler.handle(RequestLogHandler.java:56)
! at org.eclipse.jetty.server.handler.StatisticsHandler.handle(StatisticsHandler.java:169)
! at org.eclipse.jetty.server.handler.HandlerWrapper.handle(HandlerWrapper.java:134)
! at org.eclipse.jetty.server.Server.handle(Server.java:524)
! at org.eclipse.jetty.server.HttpChannel.handle(HttpChannel.java:319)
! at org.eclipse.jetty.server.HttpConnection.onFillable(HttpConnection.java:253)
! at org.eclipse.jetty.io.AbstractConnection$ReadCallback.succeeded(AbstractConnection.java:273)
! at org.eclipse.jetty.io.FillInterest.fillable(FillInterest.java:95)
! at org.eclipse.jetty.io.SelectChannelEndPoint$2.run(SelectChannelEndPoint.java:93)
! at org.eclipse.jetty.util.thread.strategy.ExecuteProduceConsume.executeProduceConsume(ExecuteProduceConsume.java:303)
! at org.eclipse.jetty.util.thread.strategy.ExecuteProduceConsume.produceConsume(ExecuteProduceConsume.java:148)
! at org.eclipse.jetty.util.thread.strategy.ExecuteProduceConsume.run(ExecuteProduceConsume.java:136)
! at org.eclipse.jetty.util.thread.QueuedThreadPool.runJob(QueuedThreadPool.java:671)
! at org.eclipse.jetty.util.thread.QueuedThreadPool$2.run(QueuedThreadPool.java:589)
! at java.lang.Thread.run(Unknown Source)
INFO  [2017-07-23 08:15:06,783] org.eclipse.jetty.server.AbstractConnector: Stopped application@7d4bb16b{HTTP/1.1,[http/1.1]}{0.0.0.0:8080}
INFO  [2017-07-23 08:15:06,786] org.eclipse.jetty.server.AbstractConnector: Stopped admin@419ac0f5{HTTP/1.1,[http/1.1]}{0.0.0.0:8081}
INFO  [2017-07-23 08:15:06,788] org.eclipse.jetty.server.handler.ContextHandler: Stopped i.d.j.MutableServletContextHandler@7fae4d4a{/,null,UNAVAILABLE}
INFO  [2017-07-23 08:15:06,796] org.eclipse.jetty.server.handler.ContextHandler: Stopped i.d.j.MutableServletContextHandler@2228db21{/,null,UNAVAILABLE}
INFO  [2017-07-23 08:15:34,344] org.eclipse.jetty.util.log: Logging initialized @2254ms
INFO  [2017-07-23 08:15:34,437] io.dropwizard.server.DefaultServerFactory: Registering jersey handler with root path prefix: /
INFO  [2017-07-23 08:15:34,437] io.dropwizard.server.DefaultServerFactory: Registering admin handler with root path prefix: /
INFO  [2017-07-23 08:15:34,437] io.dropwizard.assets.AssetsBundle: Registering AssetBundle with name: assets for path /ineuron/*
INFO  [2017-07-23 08:15:34,470] com.hubspot.dropwizard.guice.AutoConfig: Added resource class: class com.ineuron.resources.ProductResource
INFO  [2017-07-23 08:15:34,470] com.hubspot.dropwizard.guice.AutoConfig: Added resource class: class com.ineuron.resources.MaterialResource
INFO  [2017-07-23 08:15:34,471] com.hubspot.dropwizard.guice.AutoConfig: Added resource class: class com.ineuron.resources.UserResource
INFO  [2017-07-23 08:15:34,471] com.hubspot.dropwizard.guice.AutoConfig: Added resource class: class com.ineuron.resources.FileResource
INFO  [2017-07-23 08:15:34,471] com.hubspot.dropwizard.guice.AutoConfig: Added resource class: class com.ineuron.resources.DeviceResource
INFO  [2017-07-23 08:15:35,990] com.ineuron.INeuronApplication: RolesCache is initiallized...
INFO  [2017-07-23 08:15:35,991] com.ineuron.domain.user.util.DesUtil: DES Key : dNO502eD
INFO  [2017-07-23 08:15:36,829] com.ineuron.INeuronApplication: DesUtil is initiallized...
INFO  [2017-07-23 08:15:36,829] io.dropwizard.server.DefaultServerFactory: Registering jersey handler with root path prefix: /
INFO  [2017-07-23 08:15:36,829] io.dropwizard.server.DefaultServerFactory: Registering admin handler with root path prefix: /
INFO  [2017-07-23 08:15:36,831] io.dropwizard.server.ServerFactory: Starting I-Neuron
INFO  [2017-07-23 08:15:36,941] org.eclipse.jetty.setuid.SetUIDListener: Opened application@4f7b4953{HTTP/1.1,[http/1.1]}{0.0.0.0:8080}
INFO  [2017-07-23 08:15:36,943] org.eclipse.jetty.setuid.SetUIDListener: Opened admin@5b628249{HTTP/1.1,[http/1.1]}{0.0.0.0:8081}
INFO  [2017-07-23 08:15:36,945] org.eclipse.jetty.server.Server: jetty-9.3.z-SNAPSHOT
INFO  [2017-07-23 08:15:38,056] io.dropwizard.jersey.DropwizardResourceConfig: The following paths were found for the configured resources:

    POST    /device/createdevice (com.ineuron.resources.DeviceResource)
    POST    /device/createdeviceattribute (com.ineuron.resources.DeviceResource)
    POST    /device/deletedevice (com.ineuron.resources.DeviceResource)
    POST    /device/deletedeviceattribute (com.ineuron.resources.DeviceResource)
    GET     /device/deviceattributelist (com.ineuron.resources.DeviceResource)
    POST    /device/deviceattributesbycategoryid (com.ineuron.resources.DeviceResource)
    GET     /device/devicebyid (com.ineuron.resources.DeviceResource)
    GET     /device/devicelist (com.ineuron.resources.DeviceResource)
    POST    /device/getdeviceattributebyname (com.ineuron.resources.DeviceResource)
    POST    /device/getdevicebyname (com.ineuron.resources.DeviceResource)
    POST    /device/updatedevice (com.ineuron.resources.DeviceResource)
    POST    /device/updatedeviceattribute (com.ineuron.resources.DeviceResource)
    GET     /file/download (com.ineuron.resources.FileResource)
    POST    /file/upload (com.ineuron.resources.FileResource)
    POST    /material/create (com.ineuron.resources.MaterialResource)
    POST    /material/delete (com.ineuron.resources.MaterialResource)
    GET     /material/list (com.ineuron.resources.MaterialResource)
    GET     /material/materialbyname (com.ineuron.resources.MaterialResource)
    POST    /material/update (com.ineuron.resources.MaterialResource)
    GET     /product/attributecategorylist (com.ineuron.resources.ProductResource)
    GET     /product/attributelist (com.ineuron.resources.ProductResource)
    POST    /product/attributesbycategoryid (com.ineuron.resources.ProductResource)
    POST    /product/createattribute (com.ineuron.resources.ProductResource)
    POST    /product/createformula (com.ineuron.resources.ProductResource)
    POST    /product/createproduct (com.ineuron.resources.ProductResource)
    POST    /product/createproductcategory (com.ineuron.resources.ProductResource)
    POST    /product/createproductpackagetype (com.ineuron.resources.ProductResource)
    POST    /product/deleteattribute (com.ineuron.resources.ProductResource)
    POST    /product/deleteformula (com.ineuron.resources.ProductResource)
    POST    /product/deleteproduct (com.ineuron.resources.ProductResource)
    POST    /product/deleteproductcategory (com.ineuron.resources.ProductResource)
    GET     /product/formulabyid (com.ineuron.resources.ProductResource)
    GET     /product/formulas (com.ineuron.resources.ProductResource)
    POST    /product/getattributebyname (com.ineuron.resources.ProductResource)
    POST    /product/getproductbyname (com.ineuron.resources.ProductResource)
    POST    /product/getproductcategorybycode (com.ineuron.resources.ProductResource)
    POST    /product/getproductcategorybyid (com.ineuron.resources.ProductResource)
    POST    /product/getproductcategorybyname (com.ineuron.resources.ProductResource)
    GET     /product/labelproductpackagetype (com.ineuron.resources.ProductResource)
    GET     /product/productbyid (com.ineuron.resources.ProductResource)
    GET     /product/productcategorylist (com.ineuron.resources.ProductResource)
    GET     /product/productlist (com.ineuron.resources.ProductResource)
    POST    /product/productlistbycategory (com.ineuron.resources.ProductResource)
    GET     /product/productpackagetypelist (com.ineuron.resources.ProductResource)
    POST    /product/saveprocesses (com.ineuron.resources.ProductResource)
    POST    /product/updateattribute (com.ineuron.resources.ProductResource)
    POST    /product/updateformula (com.ineuron.resources.ProductResource)
    POST    /product/updateproduct (com.ineuron.resources.ProductResource)
    POST    /product/updateproductcategory (com.ineuron.resources.ProductResource)
    POST    /product/updateproductpackagetype (com.ineuron.resources.ProductResource)
    POST    /product/updateproductprice (com.ineuron.resources.ProductResource)
    POST    /user/authenticate (com.ineuron.resources.UserResource)
    POST    /user/createrole (com.ineuron.resources.UserResource)
    POST    /user/delete (com.ineuron.resources.UserResource)
    POST    /user/deleterole (com.ineuron.resources.UserResource)
    GET     /user/list (com.ineuron.resources.UserResource)
    POST    /user/register (com.ineuron.resources.UserResource)
    GET     /user/rolelist (com.ineuron.resources.UserResource)
    POST    /user/update (com.ineuron.resources.UserResource)
    POST    /user/updaterole (com.ineuron.resources.UserResource)
    GET     /user/user (com.ineuron.resources.UserResource)
    GET     /user/validateloginstatus (com.ineuron.resources.UserResource)

INFO  [2017-07-23 08:15:38,060] org.eclipse.jetty.server.handler.ContextHandler: Started i.d.j.MutableServletContextHandler@4f7c0be3{/,null,AVAILABLE}
INFO  [2017-07-23 08:15:38,067] io.dropwizard.setup.AdminEnvironment: tasks = 

    POST    /tasks/log-level (io.dropwizard.servlets.tasks.LogConfigurationTask)
    POST    /tasks/gc (io.dropwizard.servlets.tasks.GarbageCollectionTask)

WARN  [2017-07-23 08:15:38,067] io.dropwizard.setup.AdminEnvironment: 
!!!!!!!!!!!!!!!!!!!!!!!!!!!!!!!!!!!!!!!!!!!!!!!!!!!!!!!!!!!!!!!!!!!!!!!!!!!!!!!!
!!!!!!!!!!!!!!!!!!!!!!!!!!!!!!!!!!!!!!!!!!!!!!!!!!!!!!!!!!!!!!!!!!!!!!!!!!!!!!!!
!    THIS APPLICATION HAS NO HEALTHCHECKS. THIS MEANS YOU WILL NEVER KNOW      !
!     IF IT DIES IN PRODUCTION, WHICH MEANS YOU WILL NEVER KNOW IF YOU'RE      !
!    LETTING YOUR USERS DOWN. YOU SHOULD ADD A HEALTHCHECK FOR EACH OF YOUR    !
!         APPLICATION'S DEPENDENCIES WHICH FULLY (BUT LIGHTLY) TESTS IT.       !
!!!!!!!!!!!!!!!!!!!!!!!!!!!!!!!!!!!!!!!!!!!!!!!!!!!!!!!!!!!!!!!!!!!!!!!!!!!!!!!!
!!!!!!!!!!!!!!!!!!!!!!!!!!!!!!!!!!!!!!!!!!!!!!!!!!!!!!!!!!!!!!!!!!!!!!!!!!!!!!!!
INFO  [2017-07-23 08:15:38,083] org.eclipse.jetty.server.handler.ContextHandler: Started i.d.j.MutableServletContextHandler@5ffc5491{/,null,AVAILABLE}
INFO  [2017-07-23 08:15:38,109] org.eclipse.jetty.server.AbstractConnector: Started application@4f7b4953{HTTP/1.1,[http/1.1]}{0.0.0.0:8080}
INFO  [2017-07-23 08:15:38,118] org.eclipse.jetty.server.AbstractConnector: Started admin@5b628249{HTTP/1.1,[http/1.1]}{0.0.0.0:8081}
INFO  [2017-07-23 08:15:38,118] org.eclipse.jetty.server.Server: Started @6028ms
INFO  [2017-07-23 08:15:47,968] com.ineuron.domain.user.service.UserService: founduser.getAllPermissions().size() : 6
INFO  [2017-07-23 08:15:47,968] com.ineuron.resources.UserResource: user/authenticate user:d logined in... newApiToken=ggwJ8Jsp5Zyr0aSXuepPhUajQzkHFll6uhQEYVj1r2s=
INFO  [2017-07-23 08:15:50,386] com.ineuron.domain.user.service.SecurityService: environment = dev; debug = false
ERROR [2017-07-23 08:15:50,620] com.ineuron.resources.DeviceResource: failed to excute select sql: getDeviceAttributeCategoryById!
! com.microsoft.sqlserver.jdbc.SQLServerException: Invalid object name 'DeviceAttributeCategories'.
! at com.microsoft.sqlserver.jdbc.SQLServerException.makeFromDatabaseError(SQLServerException.java:217)
! at com.microsoft.sqlserver.jdbc.SQLServerStatement.getNextResult(SQLServerStatement.java:1655)
! at com.microsoft.sqlserver.jdbc.SQLServerPreparedStatement.doExecutePreparedStatement(SQLServerPreparedStatement.java:440)
! at com.microsoft.sqlserver.jdbc.SQLServerPreparedStatement$PrepStmtExecCmd.doExecute(SQLServerPreparedStatement.java:385)
! at com.microsoft.sqlserver.jdbc.TDSCommand.execute(IOBuffer.java:7505)
! at com.microsoft.sqlserver.jdbc.SQLServerConnection.executeCommand(SQLServerConnection.java:2444)
! at com.microsoft.sqlserver.jdbc.SQLServerStatement.executeCommand(SQLServerStatement.java:191)
! at com.microsoft.sqlserver.jdbc.SQLServerStatement.executeStatement(SQLServerStatement.java:166)
! at com.microsoft.sqlserver.jdbc.SQLServerPreparedStatement.execute(SQLServerPreparedStatement.java:367)
! at sun.reflect.NativeMethodAccessorImpl.invoke0(Native Method)
! at sun.reflect.NativeMethodAccessorImpl.invoke(Unknown Source)
! at sun.reflect.DelegatingMethodAccessorImpl.invoke(Unknown Source)
! at java.lang.reflect.Method.invoke(Unknown Source)
! at org.apache.ibatis.logging.jdbc.PreparedStatementLogger.invoke(PreparedStatementLogger.java:59)
! at com.sun.proxy.$Proxy55.execute(Unknown Source)
! at org.apache.ibatis.executor.statement.PreparedStatementHandler.query(PreparedStatementHandler.java:63)
! at org.apache.ibatis.executor.statement.RoutingStatementHandler.query(RoutingStatementHandler.java:79)
! at org.apache.ibatis.executor.SimpleExecutor.doQuery(SimpleExecutor.java:63)
! at org.apache.ibatis.executor.BaseExecutor.queryFromDatabase(BaseExecutor.java:325)
! at org.apache.ibatis.executor.BaseExecutor.query(BaseExecutor.java:156)
! at org.apache.ibatis.executor.CachingExecutor.query(CachingExecutor.java:109)
! at org.apache.ibatis.executor.CachingExecutor.query(CachingExecutor.java:83)
! at org.apache.ibatis.session.defaults.DefaultSqlSession.selectList(DefaultSqlSession.java:148)
! ... 71 common frames omitted
! Causing: org.apache.ibatis.exceptions.PersistenceException: 
! ### Error querying database.  Cause: com.microsoft.sqlserver.jdbc.SQLServerException: Invalid object name 'DeviceAttributeCategories'.
! ### The error may exist in com/ineuron/domain/device/repository/DeviceMapper.xml
! ### The error may involve defaultParameterMap
! ### The error occurred while setting parameters
! ### SQL: select * from DeviceAttributeCategories where id=?
! ### Cause: com.microsoft.sqlserver.jdbc.SQLServerException: Invalid object name 'DeviceAttributeCategories'.
! at org.apache.ibatis.exceptions.ExceptionFactory.wrapException(ExceptionFactory.java:30)
! at org.apache.ibatis.session.defaults.DefaultSqlSession.selectList(DefaultSqlSession.java:150)
! at org.apache.ibatis.session.defaults.DefaultSqlSession.selectList(DefaultSqlSession.java:141)
! at org.apache.ibatis.session.defaults.DefaultSqlSession.selectOne(DefaultSqlSession.java:77)
! at com.ineuron.dataaccess.db.INeuronRepository.selectOne(INeuronRepository.java:102)
! at com.ineuron.domain.device.valueobject.DeviceAttribute.init(DeviceAttribute.java:39)
! at com.ineuron.domain.device.service.DeviceService.getAttributeList(DeviceService.java:90)
! at com.ineuron.resources.DeviceResource.deviceAttributeList(DeviceResource.java:204)
! at sun.reflect.NativeMethodAccessorImpl.invoke0(Native Method)
! at sun.reflect.NativeMethodAccessorImpl.invoke(Unknown Source)
! at sun.reflect.DelegatingMethodAccessorImpl.invoke(Unknown Source)
! at java.lang.reflect.Method.invoke(Unknown Source)
! at org.glassfish.jersey.server.model.internal.ResourceMethodInvocationHandlerFactory$1.invoke(ResourceMethodInvocationHandlerFactory.java:81)
! at org.glassfish.jersey.server.model.internal.AbstractJavaResourceMethodDispatcher$1.run(AbstractJavaResourceMethodDispatcher.java:144)
! at org.glassfish.jersey.server.model.internal.AbstractJavaResourceMethodDispatcher.invoke(AbstractJavaResourceMethodDispatcher.java:161)
! at org.glassfish.jersey.server.model.internal.JavaResourceMethodDispatcherProvider$ResponseOutInvoker.doDispatch(JavaResourceMethodDispatcherProvider.java:160)
! at org.glassfish.jersey.server.model.internal.AbstractJavaResourceMethodDispatcher.dispatch(AbstractJavaResourceMethodDispatcher.java:99)
! at org.glassfish.jersey.server.model.ResourceMethodInvoker.invoke(ResourceMethodInvoker.java:389)
! at org.glassfish.jersey.server.model.ResourceMethodInvoker.apply(ResourceMethodInvoker.java:347)
! at org.glassfish.jersey.server.model.ResourceMethodInvoker.apply(ResourceMethodInvoker.java:102)
! at org.glassfish.jersey.server.ServerRuntime$2.run(ServerRuntime.java:326)
! at org.glassfish.jersey.internal.Errors$1.call(Errors.java:271)
! at org.glassfish.jersey.internal.Errors$1.call(Errors.java:267)
! at org.glassfish.jersey.internal.Errors.process(Errors.java:315)
! at org.glassfish.jersey.internal.Errors.process(Errors.java:297)
! at org.glassfish.jersey.internal.Errors.process(Errors.java:267)
! at org.glassfish.jersey.process.internal.RequestScope.runInScope(RequestScope.java:317)
! at org.glassfish.jersey.server.ServerRuntime.process(ServerRuntime.java:305)
! at org.glassfish.jersey.server.ApplicationHandler.handle(ApplicationHandler.java:1154)
! at org.glassfish.jersey.servlet.WebComponent.serviceImpl(WebComponent.java:473)
! at org.glassfish.jersey.servlet.WebComponent.service(WebComponent.java:427)
! at org.glassfish.jersey.servlet.ServletContainer.service(ServletContainer.java:388)
! at org.glassfish.jersey.servlet.ServletContainer.service(ServletContainer.java:341)
! at org.glassfish.jersey.servlet.ServletContainer.service(ServletContainer.java:228)
! at io.dropwizard.jetty.NonblockingServletHolder.handle(NonblockingServletHolder.java:49)
! at org.eclipse.jetty.servlet.ServletHandler$CachedChain.doFilter(ServletHandler.java:1689)
! at io.dropwizard.servlets.ThreadNameFilter.doFilter(ThreadNameFilter.java:34)
! at org.eclipse.jetty.servlet.ServletHandler$CachedChain.doFilter(ServletHandler.java:1676)
! at io.dropwizard.jersey.filter.AllowedMethodsFilter.handle(AllowedMethodsFilter.java:50)
! at io.dropwizard.jersey.filter.AllowedMethodsFilter.doFilter(AllowedMethodsFilter.java:44)
! at org.eclipse.jetty.servlet.ServletHandler$CachedChain.doFilter(ServletHandler.java:1676)
! at com.google.inject.servlet.FilterChainInvocation.doFilter(FilterChainInvocation.java:89)
! at com.google.inject.servlet.ManagedFilterPipeline.dispatch(ManagedFilterPipeline.java:119)
! at com.google.inject.servlet.GuiceFilter$1.call(GuiceFilter.java:133)
! at com.google.inject.servlet.GuiceFilter$1.call(GuiceFilter.java:130)
! at com.google.inject.servlet.GuiceFilter$Context.call(GuiceFilter.java:203)
! at com.google.inject.servlet.GuiceFilter.doFilter(GuiceFilter.java:130)
! at org.eclipse.jetty.servlet.ServletHandler$CachedChain.doFilter(ServletHandler.java:1676)
! at org.eclipse.jetty.servlet.ServletHandler.doHandle(ServletHandler.java:581)
! at org.eclipse.jetty.server.handler.ContextHandler.doHandle(ContextHandler.java:1174)
! at org.eclipse.jetty.servlet.ServletHandler.doScope(ServletHandler.java:511)
! at org.eclipse.jetty.server.handler.ContextHandler.doScope(ContextHandler.java:1106)
! at org.eclipse.jetty.server.handler.ScopedHandler.handle(ScopedHandler.java:141)
! at org.eclipse.jetty.server.handler.HandlerWrapper.handle(HandlerWrapper.java:134)
! at com.codahale.metrics.jetty9.InstrumentedHandler.handle(InstrumentedHandler.java:240)
! at io.dropwizard.jetty.RoutingHandler.handle(RoutingHandler.java:51)
! at org.eclipse.jetty.server.handler.gzip.GzipHandler.handle(GzipHandler.java:459)
! at io.dropwizard.jetty.BiDiGzipHandler.handle(BiDiGzipHandler.java:68)
! at org.eclipse.jetty.server.handler.RequestLogHandler.handle(RequestLogHandler.java:56)
! at org.eclipse.jetty.server.handler.StatisticsHandler.handle(StatisticsHandler.java:169)
! at org.eclipse.jetty.server.handler.HandlerWrapper.handle(HandlerWrapper.java:134)
! at org.eclipse.jetty.server.Server.handle(Server.java:524)
! at org.eclipse.jetty.server.HttpChannel.handle(HttpChannel.java:319)
! at org.eclipse.jetty.server.HttpConnection.onFillable(HttpConnection.java:253)
! at org.eclipse.jetty.io.AbstractConnection$ReadCallback.succeeded(AbstractConnection.java:273)
! at org.eclipse.jetty.io.FillInterest.fillable(FillInterest.java:95)
! at org.eclipse.jetty.io.SelectChannelEndPoint$2.run(SelectChannelEndPoint.java:93)
! at org.eclipse.jetty.util.thread.strategy.ExecuteProduceConsume.executeProduceConsume(ExecuteProduceConsume.java:303)
! at org.eclipse.jetty.util.thread.strategy.ExecuteProduceConsume.produceConsume(ExecuteProduceConsume.java:148)
! at org.eclipse.jetty.util.thread.strategy.ExecuteProduceConsume.run(ExecuteProduceConsume.java:136)
! at org.eclipse.jetty.util.thread.QueuedThreadPool.runJob(QueuedThreadPool.java:671)
! at org.eclipse.jetty.util.thread.QueuedThreadPool$2.run(QueuedThreadPool.java:589)
! at java.lang.Thread.run(Unknown Source)
